<?xml version="1.0" encoding="UTF-8"?>
<testng-results ignored="0" total="1" passed="1" failed="0" skipped="0">
  <reporter-output>
  </reporter-output>
  <suite started-at="2022-03-18T10:56:51 IST" name="Default suite" finished-at="2022-03-18T10:56:59 IST" duration-ms="7649">
    <groups>
    </groups>
    <test started-at="2022-03-18T10:56:51 IST" name="Default test" finished-at="2022-03-18T10:56:59 IST" duration-ms="7649">
      <class name="com.rmgyantra.restassuredframework.CreateResoureAndDataBase">
        <test-method is-config="true" signature="bsconfige()[pri:0, instance:com.rmgyantra.restassuredframework.CreateResoureAndDataBase@5f058f00]" started-at="2022-03-18T10:56:48 IST" name="bsconfige" finished-at="2022-03-18T10:56:51 IST" duration-ms="3003" status="PASS">
          <reporter-output>
          </reporter-output>
        </test-method> <!-- bsconfige -->
        <test-method signature="create()[pri:0, instance:com.rmgyantra.restassuredframework.CreateResoureAndDataBase@5f058f00]" started-at="2022-03-18T10:56:51 IST" name="create" finished-at="2022-03-18T10:56:59 IST" duration-ms="7562" status="PASS">
          <reporter-output>
          </reporter-output>
        </test-method> <!-- create -->
        <test-method is-config="true" signature="afConfige()[pri:0, instance:com.rmgyantra.restassuredframework.CreateResoureAndDataBase@5f058f00]" started-at="2022-03-18T10:56:59 IST" name="afConfige" finished-at="2022-03-18T10:56:59 IST" duration-ms="15" status="PASS">
          <reporter-output>
          </reporter-output>
        </test-method> <!-- afConfige -->
      </class> <!-- com.rmgyantra.restassuredframework.CreateResoureAndDataBase -->
    </test> <!-- Default test -->
  </suite> <!-- Default suite -->
</testng-results>
